<?xml version="1.0" encoding="UTF-8"?>
<!-- Generated by org.testng.reporters.JUnitXMLReporter -->
<testsuite hostname="DESKTOP-S7TISKJ" ignored="0" name="Default test" tests="4" failures="0" timestamp="18 Jul 2020 09:09:56 GMT" time="29.909" errors="0">
  <testcase name="loginTest" time="2.798" classname="TestNg.TestNgBasics"/>
  <testcase name="searchBarTest" time="3.985" classname="TestNg.TestNgBasics"/>
  <testcase name="addToCartTest" time="0.151" classname="TestNg.TestNgBasics"/>
  <testcase name="signOut" time="8.08" classname="TestNg.TestNgBasics"/>
</testsuite> <!-- Default test -->
